Started HTTP and WebSocket JSON-RPC server at http://127.0.0.1:8545/

Accounts
========

WARNING: These accounts, and their private keys, are publicly known.
Any funds sent to them on Mainnet or any other live network WILL BE LOST.

Account #0: 0xf39fd6e51aad88f6f4ce6ab8827279cfffb92266 (1000 ETH)
Private Key: 0xac0974bec39a17e36ba4a6b4d238ff944bacb478cbed5efcae784d7bf4f2ff80

Account #1: 0x70997970c51812dc3a010c7d01b50e0d17dc79c8 (1000 ETH)
Private Key: 0x59c6995e998f97a5a0044966f0945389dc9e86dae88c7a8412f4603b6b78690d


WARNING: These accounts, and their private keys, are publicly known.
Any funds sent to them on Mainnet or any other live network WILL BE LOST.

eth_sendTransaction
  Contract deployment: <UnrecognizedContract>
  Contract address:    0x5fbdb2315678afecb367f032d93f642f64180aa3
  Transaction:         0xa291271363a8dcdc9422a5bcfcd01b3c8069bd28543cc125d12a3a458d64d70d
  From:                0xf39fd6e51aad88f6f4ce6ab8827279cfffb92266
  Value:               0 ETH
  Gas used:            1720823 of 30000000
  Block #1:            0x5a94a2b7d7e05711ade3b95857fc8f6091c74c70cfe2e2025da010087595c8e7

  console.log:
    MultiSigWallet.constructor() called
    MultiSigWallet.constructor() passed

eth_sendTransaction
  Contract call:       <UnrecognizedContract>
  Transaction:         0xcbfe55436fbd3deac37f7944310ac4d6fa9c0f5391eb1c84a8436a7598808ee2
  From:                0xf39fd6e51aad88f6f4ce6ab8827279cfffb92266
  To:                  0x5fbdb2315678afecb367f032d93f642f64180aa3
  Value:               4 ETH
  Gas used:            26075 of 30000000
  Block #2:            0x44e2ac51805edfc5f8fa617df8d31c3faa5db5af476cc27a8daf35a3c3c2c951

  console.log:
    MultiSigWallet.receive(), msg.value is 4000000000000000000

eth_sendTransaction
  Contract call:       <UnrecognizedContract>
  Transaction:         0x63dd20e88afd719166e4615131636e46a680b465470d16575206cbfab9c846e8
  From:                0x70997970c51812dc3a010c7d01b50e0d17dc79c8
  To:                  0x5fbdb2315678afecb367f032d93f642f64180aa3
  Value:               5 ETH
  Gas used:            26075 of 30000000
  Block #3:            0x94b94f95b25ca0459dacbd475e9fc0bb99d80f99423939068c1b4de794c9dac5

  console.log:
    MultiSigWallet.receive(), msg.value is 5000000000000000000

eth_sendTransaction
  Contract deployment: <UnrecognizedContract>
  Contract address:    0x9fe46736679d2d9a65f0992f2272de9f3c7fa6e0
  Transaction:         0x17a3c0a3e3b67725f62eb0b54328c2cab3f90a7f73580e3c1d6db4333de4d70f
  From:                0xf39fd6e51aad88f6f4ce6ab8827279cfffb92266
  Value:               0 ETH
  Gas used:            2332905 of 30000000
  Block #4:            0x9a2a14b64322ce861afe650bedc04ad1f0638650f1f022f55269927fe73cf5e5

  console.log:
    PredictBPCAddress.constructor() called

eth_sendTransaction
  Contract call:       <UnrecognizedContract>
  Transaction:         0xf0db7b66007a9cba2b28fa17a0b20c5b76719b2b92bc035a1eb271aee9b42231
  From:                0xf39fd6e51aad88f6f4ce6ab8827279cfffb92266
  To:                  0x9fe46736679d2d9a65f0992f2272de9f3c7fa6e0
  Value:               5 ETH
  Gas used:            24441 of 30000000
  Block #5:            0xa2b2c53e8a057f5024e5d7d3ee1485752027d111344dd0c49f82850df28fb7bc

  console.log:
    PredictBPCAddress.receive(), receiving 5000000000000000000 from 0xf39fd6e51aad88f6f4ce6ab8827279cfffb92266

eth_sendTransaction
  Contract call:       <UnrecognizedContract>
  Transaction:         0xc27a5fd4525fbee33e392bd27921db1e03d0117082082d4ddc601fc8b4a9d5b6
  From:                0xf39fd6e51aad88f6f4ce6ab8827279cfffb92266
  To:                  0x9fe46736679d2d9a65f0992f2272de9f3c7fa6e0
  Value:               0 ETH
  Gas used:            50643 of 30000000
  Block #6:            0x34e4f72986dc87c2fee7931cc4f21acad68beae981fffac08dd6bb896b0000c7

  console.log:
    PredictBPCAddress.predict() called
    PredictBPCAddress.predict() passed

eth_sendTransaction
  Transaction:         0x23e35b34b8a3d80be1deb6b9d866be1f39b6026009ec17632b40f1dfc88f755a
  From:                0xf39fd6e51aad88f6f4ce6ab8827279cfffb92266
  To:                  0xcc464990cc46517106c350c17fba4e0a7997b900
  Value:               5 ETH
  Gas used:            21000 of 30000000
  Block #7:            0x8bda63c2746d308360b469a0d6c623eab3205f252d6a4f950ee970010185f3ed

eth_sendTransaction
  Contract call:       <UnrecognizedContract>
  Transaction:         0x8eddab95034f0c22b17cdf185187b531137ce2abdef511a5c0861aadd357ad69
  From:                0xf39fd6e51aad88f6f4ce6ab8827279cfffb92266
  To:                  0x9fe46736679d2d9a65f0992f2272de9f3c7fa6e0
  Value:               5 ETH
  Gas used:            24441 of 30000000
  Block #8:            0x1fa65b730b7c6590bf6fd710ea99ecfa3b1448359a884d0c71d1c6d9968f233c

  console.log:
    PredictBPCAddress.receive(), receiving 5000000000000000000 from 0xf39fd6e51aad88f6f4ce6ab8827279cfffb92266

eth_call
  Contract call:       <UnrecognizedContract>
  From:                0xf39fd6e51aad88f6f4ce6ab8827279cfffb92266
  To:                  0x9fe46736679d2d9a65f0992f2272de9f3c7fa6e0

  console.log:
    PredictBPCAddress.getEncodedCallData() called

eth_sendTransaction
  Contract call:       <UnrecognizedContract>
  Transaction:         0x0830c332bc6351c0545ed8e6745dd7e0132d794f2f5d669bf592282f4fd83daa
  From:                0xf39fd6e51aad88f6f4ce6ab8827279cfffb92266
  To:                  0x5fbdb2315678afecb367f032d93f642f64180aa3
  Value:               0 ETH
  Gas used:            330901 of 30000000
  Block #9:            0x5ebe70c739e72f3260b91392224345e4d2b77721098605a93ab22f626ace762e

  console.log:
    MultiSigWallet.onlyOwner() called
    MultiSigWallet.submitTransaction(#0), transaction 0 created
    MultiSigWallet.onlyOwner() passed

eth_call
  Contract call:       <UnrecognizedContract>
  From:                0xf39fd6e51aad88f6f4ce6ab8827279cfffb92266
  To:                  0x5fbdb2315678afecb367f032d93f642f64180aa3

eth_sendTransaction
  Contract call:       <UnrecognizedContract>
  Transaction:         0x95de27f1c8b18c4e7eb7caf8e4a7cac7b2434ff21737d10f926af46daacb862a
  From:                0xf39fd6e51aad88f6f4ce6ab8827279cfffb92266
  To:                  0x5fbdb2315678afecb367f032d93f642f64180aa3
  Value:               0 ETH
  Gas used:            85117 of 30000000
  Block #10:           0x375b51153fd450af6a12bc9b872be10df296c4e82a7274bba9f8ef7df9b2d9cb

  console.log:
    MultiSigWallet.onlyOwner() called
    MultiSigWallet.txExists(#0) called
    MultiSigWallet.notExecuted(#0) called
    MultiSigWallet.notConfirmed(#0) called
    MultiSigWallet.confirmTransaction(#0) called
    MultiSigWallet.confirmTransaction(#0) confirmed by 0xf39fd6e51aad88f6f4ce6ab8827279cfffb92266
    MultiSigWallet.notConfirmed(#0) passed
    MultiSigWallet.notExecuted(#0) passed
    MultiSigWallet.txExists(#0) passed
    MultiSigWallet.onlyOwner() passed

eth_sendTransaction
  Contract call:       <UnrecognizedContract>
  Transaction:         0x731b1d83ec5c8b5d525b50d5cd98cd0b1c8a55b1b510beb6709a352c04302bd6
  From:                0x70997970c51812dc3a010c7d01b50e0d17dc79c8
  To:                  0x5fbdb2315678afecb367f032d93f642f64180aa3
  Value:               0 ETH
  Gas used:            68017 of 30000000
  Block #11:           0xc56f416b2418bf59d9753f3e6ac3a5e7cbb44c91fcec330c8ac915c70da5ddc1

  console.log:
    MultiSigWallet.onlyOwner() called
    MultiSigWallet.txExists(#0) called
    MultiSigWallet.notExecuted(#0) called
    MultiSigWallet.notConfirmed(#0) called
    MultiSigWallet.confirmTransaction(#0) called
    MultiSigWallet.confirmTransaction(#0) confirmed by 0x70997970c51812dc3a010c7d01b50e0d17dc79c8
    MultiSigWallet.notConfirmed(#0) passed
    MultiSigWallet.notExecuted(#0) passed
    MultiSigWallet.txExists(#0) passed
    MultiSigWallet.onlyOwner() passed

eth_call
  Contract call:       <UnrecognizedContract>
  From:                0xf39fd6e51aad88f6f4ce6ab8827279cfffb92266
  To:                  0x5fbdb2315678afecb367f032d93f642f64180aa3

eth_sendTransaction
  Contract call:       <UnrecognizedContract>
  Transaction:         0xb70036eeae6cbfaa0b4dfb3eb74e246deb5a1d1ae2a5b1ded7185f0548ec727b
  From:                0xf39fd6e51aad88f6f4ce6ab8827279cfffb92266
  To:                  0x5fbdb2315678afecb367f032d93f642f64180aa3
  Value:               0 ETH
  Gas used:            1559759 of 30000000
  Block #12:           0x54968b8f866ecae801b707e601e2e4ee44ece9afe25a2a84090a56d071af742d

  console.log:
    MultiSigWallet.onlyOwner() called
    MultiSigWallet.txExists(#0) called
    MultiSigWallet.notExecuted(#0) called
    MultiSigWallet.executeTransaction(#0) called
    MultiSigWallet.executeTransaction(#0) contract balance is 9000000000000000000
    MultiSigWallet.executeTransaction(#0) low-level call, value=4000000000000000000, data=
    0xd0c7bbf300000000000000000000000000000000000000000000000000000000000003150000000000000000000000000000000000000000000000003782dace9d900000000000000000000000000000f39fd6e51aad88f6f4ce6ab8827279cfffb9226600000000000000000000000070997970c51812dc3a010c7d01b50e0d17dc79c80000000000000000000000000000000000000000000000000de0b6b3a76400000000000000000000000000000000000000000000000000001bc16d674ec8000000000000000000000000000000000000000000000000000000000000623c7d740000000000000000000000000000000000000000000000000000000000015180
    PredictBPCAddress.deploy() called
    contract balance is 10000000000000000000
    Salt is
    0x0000000000000000000000000000000000000000000000000000000000000315
    Value is 4000000000000000000
    BiDirectionalPaymentChannel.checkBalances() called
    contract balance is 9000000000000000000, balances[0] is 1000000000000000000,balances[1] is 2000000000000000000
    BiDirectionalPaymentChannel.constructor()
    BiDirectionalPaymentChannel.checkBalances() passed
    MultiSigWallet.executeTransaction(#0) after low-level call, retdata=
    0x000000000000000000000000cc464990cc46517106c350c17fba4e0a7997b900
    MultiSigWallet.notExecuted(#0) passed
    MultiSigWallet.txExists(#0) passed
    MultiSigWallet.onlyOwner() passed

eth_call
  Contract call:       <UnrecognizedContract>
  From:                0xf39fd6e51aad88f6f4ce6ab8827279cfffb92266
  To:                  0x5fbdb2315678afecb367f032d93f642f64180aa3

eth_sendTransaction
  Contract call:       <UnrecognizedContract>
  Transaction:         0x5af6ba5471a9b996d6200524cd7f472d5e782fbaa04604cbac3c3f55b886d129
  From:                0xf39fd6e51aad88f6f4ce6ab8827279cfffb92266
  To:                  0x5fbdb2315678afecb367f032d93f642f64180aa3
  Value:               3 ETH
  Gas used:            26075 of 30000000
  Block #13:           0x84f58fc40b64074a6596520b0835a61916f23dc0a9617814b46ce3924f645b0d

  console.log:
    MultiSigWallet.receive(), msg.value is 3000000000000000000

eth_sendTransaction
  Contract call:       <UnrecognizedContract>
  Transaction:         0x41bf3b67a3f0ffdbec2297b208ec63fa56ad22643af5369d535557b2949e9216
  From:                0x70997970c51812dc3a010c7d01b50e0d17dc79c8
  To:                  0x5fbdb2315678afecb367f032d93f642f64180aa3
  Value:               4 ETH
  Gas used:            26075 of 30000000
  Block #14:           0xbfced0413e4496015be34fc53b86dbff6a8a2ef4c87a9a1dee5532ae288d8453

  console.log:
    MultiSigWallet.receive(), msg.value is 4000000000000000000

eth_sendTransaction
  Contract call:       <UnrecognizedContract>
  Transaction:         0x5c0b22ead13ffcd9b491cd6438facf60e25372c30e5094cadb0b0741a16187b3
  From:                0xf39fd6e51aad88f6f4ce6ab8827279cfffb92266
  To:                  0x9fe46736679d2d9a65f0992f2272de9f3c7fa6e0
  Value:               15 ETH
  Gas used:            24441 of 30000000
  Block #15:           0x3afb19d8a59631b7ec845ae94bfcfbac74d53182e0023568f8c3c2d4f4bcee5d

  console.log:
    PredictBPCAddress.receive(), receiving 15000000000000000000 from 0xf39fd6e51aad88f6f4ce6ab8827279cfffb92266

eth_sendTransaction
  Contract call:       <UnrecognizedContract>
  Transaction:         0x8e8dec74fe03c8eb5020a9c125fb1fcbf33c45c2afa128878f1d50138a4fd93e
  From:                0xf39fd6e51aad88f6f4ce6ab8827279cfffb92266
  To:                  0x9fe46736679d2d9a65f0992f2272de9f3c7fa6e0
  Value:               0 ETH
  Gas used:            50643 of 30000000
  Block #16:           0x357f869830e6b8e726d456eec7fdfc4d89097cc559f7a5d37ebd6ab852c5edfb

  console.log:
    PredictBPCAddress.predict() called
    PredictBPCAddress.predict() passed

eth_call
  Contract call:       <UnrecognizedContract>
  From:                0xf39fd6e51aad88f6f4ce6ab8827279cfffb92266
  To:                  0x9fe46736679d2d9a65f0992f2272de9f3c7fa6e0

  console.log:
    PredictBPCAddress.getEncodedCallData() called

eth_sendTransaction
  Contract call:       <UnrecognizedContract>
  Transaction:         0xe55b2043288333fd37f6e3e6ff41b95763e640c368db1776702ab5c496a01655
  From:                0xf39fd6e51aad88f6f4ce6ab8827279cfffb92266
  To:                  0x5fbdb2315678afecb367f032d93f642f64180aa3
  Value:               0 ETH
  Gas used:            313801 of 30000000
  Block #17:           0x3f3662c368a48a2efd134b186debf3cf4e7b5f7010b2d5aaa6ee534769cd6a42

  console.log:
    MultiSigWallet.onlyOwner() called
    MultiSigWallet.submitTransaction(#1), transaction 1 created
    MultiSigWallet.onlyOwner() passed

eth_call
  Contract call:       <UnrecognizedContract>
  From:                0xf39fd6e51aad88f6f4ce6ab8827279cfffb92266
  To:                  0x5fbdb2315678afecb367f032d93f642f64180aa3

eth_sendTransaction
  Contract call:       <UnrecognizedContract>
  Transaction:         0x7b39112435e38255c5572c37a57caa3a26f7c08e61ff476f62bd92a8cc08d53a
  From:                0xf39fd6e51aad88f6f4ce6ab8827279cfffb92266
  To:                  0x5fbdb2315678afecb367f032d93f642f64180aa3
  Value:               0 ETH
  Gas used:            85129 of 30000000
  Block #18:           0x387c79fc0795665c6ed83034791e83cd3f2801fb7f2bf1ee1f508faf0c5cb76e

  console.log:
    MultiSigWallet.onlyOwner() called
    MultiSigWallet.txExists(#1) called
    MultiSigWallet.notExecuted(#1) called
    MultiSigWallet.notConfirmed(#1) called
    MultiSigWallet.confirmTransaction(#1) called
    MultiSigWallet.confirmTransaction(#1) confirmed by 0xf39fd6e51aad88f6f4ce6ab8827279cfffb92266
    MultiSigWallet.notConfirmed(#1) passed
    MultiSigWallet.notExecuted(#1) passed
    MultiSigWallet.txExists(#1) passed
    MultiSigWallet.onlyOwner() passed

eth_sendTransaction
  Contract call:       <UnrecognizedContract>
  Transaction:         0x7a3acc2d2375aaad1ff6b3f0e6ccb5fc4d391546c29e3d9d3f3dc5ded877cf4b
  From:                0x70997970c51812dc3a010c7d01b50e0d17dc79c8
  To:                  0x5fbdb2315678afecb367f032d93f642f64180aa3
  Value:               0 ETH
  Gas used:            68029 of 30000000
  Block #19:           0x1cd520b54946de3f4e7ee6cf219b49eb339a13393c539ffce7dac7a5ef7f6b29

  console.log:
    MultiSigWallet.onlyOwner() called
    MultiSigWallet.txExists(#1) called
    MultiSigWallet.notExecuted(#1) called
    MultiSigWallet.notConfirmed(#1) called
    MultiSigWallet.confirmTransaction(#1) called
    MultiSigWallet.confirmTransaction(#1) confirmed by 0x70997970c51812dc3a010c7d01b50e0d17dc79c8
    MultiSigWallet.notConfirmed(#1) passed
    MultiSigWallet.notExecuted(#1) passed
    MultiSigWallet.txExists(#1) passed
    MultiSigWallet.onlyOwner() passed

eth_call
  Contract call:       <UnrecognizedContract>
  From:                0xf39fd6e51aad88f6f4ce6ab8827279cfffb92266
  To:                  0x5fbdb2315678afecb367f032d93f642f64180aa3

eth_sendTransaction
  Contract call:       <UnrecognizedContract>
  Transaction:         0xe292a740253feafb42899af6b0351ebed602e4bab1a08145af4faec885d4ba65
  From:                0xf39fd6e51aad88f6f4ce6ab8827279cfffb92266
  To:                  0x5fbdb2315678afecb367f032d93f642f64180aa3
  Value:               0 ETH
  Gas used:            1559771 of 30000000
  Block #20:           0x4a2bc670e157c7b8ea29eaefc2dc23430206efdd8c829f440caa5e6ae84b20c9

  console.log:
    MultiSigWallet.onlyOwner() called
    MultiSigWallet.txExists(#1) called
    MultiSigWallet.notExecuted(#1) called
    MultiSigWallet.executeTransaction(#1) called
    MultiSigWallet.executeTransaction(#1) contract balance is 16000000000000000000
    MultiSigWallet.executeTransaction(#1) low-level call, value=15000000000000000000, data=
    0xd0c7bbf30000000000000000000000000000000000000000000000000000000000000315000000000000000000000000000000000000000000000000d02ab486cedc0000000000000000000000000000f39fd6e51aad88f6f4ce6ab8827279cfffb9226600000000000000000000000070997970c51812dc3a010c7d01b50e0d17dc79c800000000000000000000000000000000000000000000000029a2241af62c00000000000000000000000000000000000000000000000000003782dace9d90000000000000000000000000000000000000000000000000000000000000623c7d740000000000000000000000000000000000000000000000000000000000015180
    PredictBPCAddress.deploy() called
    contract balance is 21000000000000000000
    Salt is
    0x0000000000000000000000000000000000000000000000000000000000000315
    Value is 15000000000000000000
    BiDirectionalPaymentChannel.checkBalances() called
    contract balance is 15000000000000000000, balances[0] is 3000000000000000000,balances[1] is 4000000000000000000
    BiDirectionalPaymentChannel.constructor()
    BiDirectionalPaymentChannel.checkBalances() passed
    MultiSigWallet.executeTransaction(#1) after low-level call, retdata=
    0x000000000000000000000000e3d1520179cb7c2be7d19e6c62fc383dffd7fe5a
    MultiSigWallet.notExecuted(#1) passed
    MultiSigWallet.txExists(#1) passed
    MultiSigWallet.onlyOwner() passed

eth_call
  Contract call:       <UnrecognizedContract>
  From:                0xf39fd6e51aad88f6f4ce6ab8827279cfffb92266
  To:                  0x5fbdb2315678afecb367f032d93f642f64180aa3

eth_sendTransaction
  Contract call:       <UnrecognizedContract>
  Transaction:         0x2f2a7ecb1feca5291a9a8795a6e35da758578dc12f87fb1464d0331c553d6e8d
  From:                0x70997970c51812dc3a010c7d01b50e0d17dc79c8
  To:                  0xe3d1520179cb7c2be7d19e6c62fc383dffd7fe5a
  Value:               0 ETH
  Gas used:            108225 of 30000000
  Block #21:           0x78a5c7d937a7c9b0482d5ed0202d73dea98f8a636c8bf7ef1968e9d9a82617a5

  console.log:
    BiDirectionalPaymentChannel.onlyUser() called
    BiDirectionalPaymentChannel.checkSignatures() called
    BiDirectionalPaymentChannel.verify() called
    nonce is 1
    _signers[0] is 0xf39fd6e51aad88f6f4ce6ab8827279cfffb92266
    _balances[0] is 4000000000000000000
    decoded is 0xf39fd6e51aad88f6f4ce6ab8827279cfffb92266
    _signers[1] is 0x70997970c51812dc3a010c7d01b50e0d17dc79c8
    _balances[1] is 3000000000000000000
    decoded is 0x70997970c51812dc3a010c7d01b50e0d17dc79c8
    BiDirectionalPaymentChannel.checkBalances() called
    contract balance is 15000000000000000000, balances[0] is 4000000000000000000,balances[1] is 3000000000000000000
    BiDirectionalPaymentChannel.challengeExit()
    BiDirectionalPaymentChannel.checkBalances() passed
    BiDirectionalPaymentChannel.checkSignatures() passed
    BiDirectionalPaymentChannel.onlyUser() passed

eth_call
  Contract call:       <UnrecognizedContract>
  From:                0x70997970c51812dc3a010c7d01b50e0d17dc79c8
  To:                  0xe3d1520179cb7c2be7d19e6c62fc383dffd7fe5a

  console.log:
    BiDirectionalPaymentChannel.verify() called
    nonce is 1
    _signers[0] is 0x70997970c51812dc3a010c7d01b50e0d17dc79c8
    _balances[0] is 4000000000000000000
    decoded is 0xf39fd6e51aad88f6f4ce6ab8827279cfffb92266

eth_sendTransaction
  Contract call:       <UnrecognizedContract>
  Transaction:         0x34b4b0be5f2d5d394773f62f96bc087e6ca1aa4249793c8de8ac02d47406558f
  From:                0x70997970c51812dc3a010c7d01b50e0d17dc79c8
  To:                  0xe3d1520179cb7c2be7d19e6c62fc383dffd7fe5a
  Value:               0 ETH
  Gas used:            37858 of 30000000
  Block #22:           0x806aa57cffc0fcdec1e51c56f2bedb7932dc1b23ade51e595c8b9f28993b3190

  console.log:
    BiDirectionalPaymentChannel.onlyUser() called
    BiDirectionalPaymentChannel.withdraw() called
    BiDirectionalPaymentChannel.withdraw(), msg.sender is 0x70997970c51812dc3a010c7d01b50e0d17dc79c8, amount=3000000000000000000
    BiDirectionalPaymentChannel.onlyUser() passed

eth_sendTransaction
  Contract call:       <UnrecognizedContract>
  Transaction:         0x0f4401a518311fc73935e3bd7dc80612caf3f797f8cd96f7cde9cbcf48c7facc
  From:                0xf39fd6e51aad88f6f4ce6ab8827279cfffb92266
  To:                  0xe3d1520179cb7c2be7d19e6c62fc383dffd7fe5a
  Value:               0 ETH
  Gas used:            37858 of 30000000
  Block #23:           0x92ad7037c23bbb2bec1301ed159967f30b512042af02bf8d1ddf5f5577ad0fcd

  console.log:
    BiDirectionalPaymentChannel.onlyUser() called
    BiDirectionalPaymentChannel.withdraw() called
    BiDirectionalPaymentChannel.withdraw(), msg.sender is 0xf39fd6e51aad88f6f4ce6ab8827279cfffb92266, amount=4000000000000000000
    BiDirectionalPaymentChannel.onlyUser() passed




